{"meta": {"format": 3, "version": "7.7.1", "timestamp": "2025-12-07T20:19:20.064934", "branch_coverage": false, "show_contexts": false}, "files": {"src/function_app/__init__.py": {"executed_lines": [1], "summary": {"covered_lines": 0, "num_statements": 0, "percent_covered": 100.0, "percent_covered_display": "100", "missing_lines": 0, "excluded_lines": 0}, "missing_lines": [], "excluded_lines": [], "functions": {"": {"executed_lines": [1], "summary": {"covered_lines": 0, "num_statements": 0, "percent_covered": 100.0, "percent_covered_display": "100", "missing_lines": 0, "excluded_lines": 0}, "missing_lines": [], "excluded_lines": []}}, "classes": {"": {"executed_lines": [1], "summary": {"covered_lines": 0, "num_statements": 0, "percent_covered": 100.0, "percent_covered_display": "100", "missing_lines": 0, "excluded_lines": 0}, "missing_lines": [], "excluded_lines": []}}}, "src/function_app/connections/__init__.py": {"executed_lines": [], "summary": {"covered_lines": 0, "num_statements": 3, "percent_covered": 0.0, "percent_covered_display": "0", "missing_lines": 3, "excluded_lines": 0}, "missing_lines": [8, 9, 11], "excluded_lines": [], "functions": {"": {"executed_lines": [], "summary": {"covered_lines": 0, "num_statements": 3, "percent_covered": 0.0, "percent_covered_display": "0", "missing_lines": 3, "excluded_lines": 0}, "missing_lines": [8, 9, 11], "excluded_lines": []}}, "classes": {"": {"executed_lines": [], "summary": {"covered_lines": 0, "num_statements": 3, "percent_covered": 0.0, "percent_covered_display": "0", "missing_lines": 3, "excluded_lines": 0}, "missing_lines": [8, 9, 11], "excluded_lines": []}}}, "src/function_app/connections/database_pool.py": {"executed_lines": [1, 11, 12, 13, 14, 15, 17, 18, 19, 21, 24, 25, 43, 88, 124, 208, 239, 258, 278, 320], "summary": {"covered_lines": 18, "num_statements": 136, "percent_covered": 13.235294117647058, "percent_covered_display": "13", "missing_lines": 118, "excluded_lines": 0}, "missing_lines": [61, 62, 63, 64, 65, 67, 68, 69, 70, 73, 82, 95, 96, 97, 99, 100, 101, 103, 104, 111, 112, 114, 115, 120, 121, 122, 139, 140, 142, 144, 146, 148, 150, 151, 153, 154, 157, 159, 160, 161, 162, 165, 167, 168, 169, 172, 173, 174, 176, 177, 178, 181, 182, 183, 184, 185, 188, 189, 190, 192, 193, 194, 196, 197, 198, 200, 202, 203, 204, 205, 206, 216, 217, 218, 220, 222, 223, 224, 225, 226, 229, 231, 232, 234, 235, 236, 237, 249, 250, 251, 252, 253, 254, 255, 256, 268, 269, 270, 271, 273, 274, 276, 293, 294, 297, 302, 303, 309, 327, 328, 329, 330, 331, 332, 334, 335, 336, 337], "excluded_lines": [], "functions": {"DatabaseConnectionPool.__init__": {"executed_lines": [], "summary": {"covered_lines": 0, "num_statements": 11, "percent_covered": 0.0, "percent_covered_display": "0", "missing_lines": 11, "excluded_lines": 0}, "missing_lines": [61, 62, 63, 64, 65, 67, 68, 69, 70, 73, 82], "excluded_lines": []}, "DatabaseConnectionPool.initialize": {"executed_lines": [], "summary": {"covered_lines": 0, "num_statements": 15, "percent_covered": 0.0, "percent_covered_display": "0", "missing_lines": 15, "excluded_lines": 0}, "missing_lines": [95, 96, 97, 99, 100, 101, 103, 104, 111, 112, 114, 115, 120, 121, 122], "excluded_lines": []}, "DatabaseConnectionPool.get_connection": {"executed_lines": [], "summary": {"covered_lines": 0, "num_statements": 45, "percent_covered": 0.0, "percent_covered_display": "0", "missing_lines": 45, "excluded_lines": 0}, "missing_lines": [139, 140, 142, 144, 146, 148, 150, 151, 153, 154, 157, 159, 160, 161, 162, 165, 167, 168, 169, 172, 173, 174, 176, 177, 178, 181, 182, 183, 184, 185, 188, 189, 190, 192, 193, 194, 196, 197, 198, 200, 202, 203, 204, 205, 206], "excluded_lines": []}, "DatabaseConnectionPool.return_connection": {"executed_lines": [], "summary": {"covered_lines": 0, "num_statements": 16, "percent_covered": 0.0, "percent_covered_display": "0", "missing_lines": 16, "excluded_lines": 0}, "missing_lines": [216, 217, 218, 220, 222, 223, 224, 225, 226, 229, 231, 232, 234, 235, 236, 237], "excluded_lines": []}, "DatabaseConnectionPool._validate_connection": {"executed_lines": [], "summary": {"covered_lines": 0, "num_statements": 8, "percent_covered": 0.0, "percent_covered_display": "0", "missing_lines": 8, "excluded_lines": 0}, "missing_lines": [249, 250, 251, 252, 253, 254, 255, 256], "excluded_lines": []}, "DatabaseConnectionPool._should_recycle_connection": {"executed_lines": [], "summary": {"covered_lines": 0, "num_statements": 7, "percent_covered": 0.0, "percent_covered_display": "0", "missing_lines": 7, "excluded_lines": 0}, "missing_lines": [268, 269, 270, 271, 273, 274, 276], "excluded_lines": []}, "DatabaseConnectionPool.get_metrics": {"executed_lines": [], "summary": {"covered_lines": 0, "num_statements": 6, "percent_covered": 0.0, "percent_covered_display": "0", "missing_lines": 6, "excluded_lines": 0}, "missing_lines": [293, 294, 297, 302, 303, 309], "excluded_lines": []}, "DatabaseConnectionPool.close_all": {"executed_lines": [], "summary": {"covered_lines": 0, "num_statements": 10, "percent_covered": 0.0, "percent_covered_display": "0", "missing_lines": 10, "excluded_lines": 0}, "missing_lines": [327, 328, 329, 330, 331, 332, 334, 335, 336, 337], "excluded_lines": []}, "": {"executed_lines": [1, 11, 12, 13, 14, 15, 17, 18, 19, 21, 24, 25, 43, 88, 124, 208, 239, 258, 278, 320], "summary": {"covered_lines": 18, "num_statements": 18, "percent_covered": 100.0, "percent_covered_display": "100", "missing_lines": 0, "excluded_lines": 0}, "missing_lines": [], "excluded_lines": []}}, "classes": {"DatabaseConnectionPool": {"executed_lines": [], "summary": {"covered_lines": 0, "num_statements": 118, "percent_covered": 0.0, "percent_covered_display": "0", "missing_lines": 118, "excluded_lines": 0}, "missing_lines": [61, 62, 63, 64, 65, 67, 68, 69, 70, 73, 82, 95, 96, 97, 99, 100, 101, 103, 104, 111, 112, 114, 115, 120, 121, 122, 139, 140, 142, 144, 146, 148, 150, 151, 153, 154, 157, 159, 160, 161, 162, 165, 167, 168, 169, 172, 173, 174, 176, 177, 178, 181, 182, 183, 184, 185, 188, 189, 190, 192, 193, 194, 196, 197, 198, 200, 202, 203, 204, 205, 206, 216, 217, 218, 220, 222, 223, 224, 225, 226, 229, 231, 232, 234, 235, 236, 237, 249, 250, 251, 252, 253, 254, 255, 256, 268, 269, 270, 271, 273, 274, 276, 293, 294, 297, 302, 303, 309, 327, 328, 329, 330, 331, 332, 334, 335, 336, 337], "excluded_lines": []}, "": {"executed_lines": [1, 11, 12, 13, 14, 15, 17, 18, 19, 21, 24, 25, 43, 88, 124, 208, 239, 258, 278, 320], "summary": {"covered_lines": 18, "num_statements": 18, "percent_covered": 100.0, "percent_covered_display": "100", "missing_lines": 0, "excluded_lines": 0}, "missing_lines": [], "excluded_lines": []}}}, "src/function_app/connections/hybrid_storage.py": {"executed_lines": [1, 11, 12, 13, 14, 16, 17, 18, 22], "summary": {"covered_lines": 8, "num_statements": 144, "percent_covered": 5.555555555555555, "percent_covered_display": "6", "missing_lines": 136, "excluded_lines": 0}, "missing_lines": [19, 20, 23, 25, 28, 46, 68, 69, 75, 84, 85, 86, 89, 92, 93, 96, 105, 111, 118, 119, 120, 122, 123, 124, 126, 128, 130, 133, 139, 141, 142, 143, 146, 147, 149, 150, 154, 159, 160, 161, 163, 174, 175, 177, 178, 179, 180, 181, 182, 183, 184, 185, 186, 188, 196, 197, 198, 199, 200, 201, 203, 216, 217, 219, 220, 221, 222, 226, 228, 235, 237, 260, 261, 262, 263, 264, 265, 267, 268, 270, 271, 273, 274, 278, 279, 281, 282, 284, 285, 287, 310, 311, 312, 313, 315, 316, 318, 320, 321, 322, 326, 327, 329, 330, 331, 332, 334, 344, 345, 346, 347, 348, 349, 350, 351, 353, 363, 364, 365, 366, 367, 368, 369, 370, 372, 383, 384, 386, 398, 404, 406, 410, 412, 413, 415, 416], "excluded_lines": [], "functions": {"HybridStorageConnectionManager.__init__": {"executed_lines": [], "summary": {"covered_lines": 0, "num_statements": 11, "percent_covered": 0.0, "percent_covered_display": "0", "missing_lines": 11, "excluded_lines": 0}, "missing_lines": [68, 69, 75, 84, 85, 86, 89, 92, 93, 96, 105], "excluded_lines": []}, "HybridStorageConnectionManager.initialize": {"executed_lines": [], "summary": {"covered_lines": 0, "num_statements": 22, "percent_covered": 0.0, "percent_covered_display": "0", "missing_lines": 22, "excluded_lines": 0}, "missing_lines": [118, 119, 120, 122, 123, 124, 126, 128, 130, 133, 139, 141, 142, 143, 146, 147, 149, 150, 154, 159, 160, 161], "excluded_lines": []}, "HybridStorageConnectionManager.get_postgres_connection": {"executed_lines": [], "summary": {"covered_lines": 0, "num_statements": 12, "percent_covered": 0.0, "percent_covered_display": "0", "missing_lines": 12, "excluded_lines": 0}, "missing_lines": [174, 175, 177, 178, 179, 180, 181, 182, 183, 184, 185, 186], "excluded_lines": []}, "HybridStorageConnectionManager.return_postgres_connection": {"executed_lines": [], "summary": {"covered_lines": 0, "num_statements": 6, "percent_covered": 0.0, "percent_covered_display": "0", "missing_lines": 6, "excluded_lines": 0}, "missing_lines": [196, 197, 198, 199, 200, 201], "excluded_lines": []}, "HybridStorageConnectionManager.get_blob_service_client": {"executed_lines": [], "summary": {"covered_lines": 0, "num_statements": 7, "percent_covered": 0.0, "percent_covered_display": "0", "missing_lines": 7, "excluded_lines": 0}, "missing_lines": [216, 217, 219, 220, 221, 222, 226], "excluded_lines": []}, "HybridStorageConnectionManager.get_parquet_serializer": {"executed_lines": [], "summary": {"covered_lines": 0, "num_statements": 1, "percent_covered": 0.0, "percent_covered_display": "0", "missing_lines": 1, "excluded_lines": 0}, "missing_lines": [235], "excluded_lines": []}, "HybridStorageConnectionManager.execute_with_postgres": {"executed_lines": [], "summary": {"covered_lines": 0, "num_statements": 18, "percent_covered": 0.0, "percent_covered_display": "0", "missing_lines": 18, "excluded_lines": 0}, "missing_lines": [260, 261, 262, 263, 264, 265, 267, 268, 270, 271, 273, 274, 278, 279, 281, 282, 284, 285], "excluded_lines": []}, "HybridStorageConnectionManager.execute_with_blob_storage": {"executed_lines": [], "summary": {"covered_lines": 0, "num_statements": 16, "percent_covered": 0.0, "percent_covered_display": "0", "missing_lines": 16, "excluded_lines": 0}, "missing_lines": [310, 311, 312, 313, 315, 316, 318, 320, 321, 322, 326, 327, 329, 330, 331, 332], "excluded_lines": []}, "HybridStorageConnectionManager.serialize_to_parquet": {"executed_lines": [], "summary": {"covered_lines": 0, "num_statements": 8, "percent_covered": 0.0, "percent_covered_display": "0", "missing_lines": 8, "excluded_lines": 0}, "missing_lines": [344, 345, 346, 347, 348, 349, 350, 351], "excluded_lines": []}, "HybridStorageConnectionManager.deserialize_from_parquet": {"executed_lines": [], "summary": {"covered_lines": 0, "num_statements": 8, "percent_covered": 0.0, "percent_covered_display": "0", "missing_lines": 8, "excluded_lines": 0}, "missing_lines": [363, 364, 365, 366, 367, 368, 369, 370], "excluded_lines": []}, "HybridStorageConnectionManager.get_metrics": {"executed_lines": [], "summary": {"covered_lines": 0, "num_statements": 3, "percent_covered": 0.0, "percent_covered_display": "0", "missing_lines": 3, "excluded_lines": 0}, "missing_lines": [383, 384, 386], "excluded_lines": []}, "HybridStorageConnectionManager.close_all": {"executed_lines": [], "summary": {"covered_lines": 0, "num_statements": 7, "percent_covered": 0.0, "percent_covered_display": "0", "missing_lines": 7, "excluded_lines": 0}, "missing_lines": [404, 406, 410, 412, 413, 415, 416], "excluded_lines": []}, "": {"executed_lines": [1, 11, 12, 13, 14, 16, 17, 18, 22], "summary": {"covered_lines": 8, "num_statements": 25, "percent_covered": 32.0, "percent_covered_display": "32", "missing_lines": 17, "excluded_lines": 0}, "missing_lines": [19, 20, 23, 25, 28, 46, 111, 163, 188, 203, 228, 237, 287, 334, 353, 372, 398], "excluded_lines": []}}, "classes": {"HybridStorageConnectionManager": {"executed_lines": [], "summary": {"covered_lines": 0, "num_statements": 119, "percent_covered": 0.0, "percent_covered_display": "0", "missing_lines": 119, "excluded_lines": 0}, "missing_lines": [68, 69, 75, 84, 85, 86, 89, 92, 93, 96, 105, 118, 119, 120, 122, 123, 124, 126, 128, 130, 133, 139, 141, 142, 143, 146, 147, 149, 150, 154, 159, 160, 161, 174, 175, 177, 178, 179, 180, 181, 182, 183, 184, 185, 186, 196, 197, 198, 199, 200, 201, 216, 217, 219, 220, 221, 222, 226, 235, 260, 261, 262, 263, 264, 265, 267, 268, 270, 271, 273, 274, 278, 279, 281, 282, 284, 285, 310, 311, 312, 313, 315, 316, 318, 320, 321, 322, 326, 327, 329, 330, 331, 332, 344, 345, 346, 347, 348, 349, 350, 351, 363, 364, 365, 366, 367, 368, 369, 370, 383, 384, 386, 404, 406, 410, 412, 413, 415, 416], "excluded_lines": []}, "": {"executed_lines": [1, 11, 12, 13, 14, 16, 17, 18, 22], "summary": {"covered_lines": 8, "num_statements": 25, "percent_covered": 32.0, "percent_covered_display": "32", "missing_lines": 17, "excluded_lines": 0}, "missing_lines": [19, 20, 23, 25, 28, 46, 111, 163, 188, 203, 228, 237, 287, 334, 353, 372, 398], "excluded_lines": []}}}, "src/function_app/consumer/__init__.py": {"executed_lines": [], "summary": {"covered_lines": 0, "num_statements": 4, "percent_covered": 0.0, "percent_covered_display": "0", "missing_lines": 4, "excluded_lines": 0}, "missing_lines": [8, 9, 10, 12], "excluded_lines": [], "functions": {"": {"executed_lines": [], "summary": {"covered_lines": 0, "num_statements": 4, "percent_covered": 0.0, "percent_covered_display": "0", "missing_lines": 4, "excluded_lines": 0}, "missing_lines": [8, 9, 10, 12], "excluded_lines": []}}, "classes": {"": {"executed_lines": [], "summary": {"covered_lines": 0, "num_statements": 4, "percent_covered": 0.0, "percent_covered_display": "0", "missing_lines": 4, "excluded_lines": 0}, "missing_lines": [8, 9, 10, 12], "excluded_lines": []}}}, "src/function_app/consumer/base.py": {"executed_lines": [], "summary": {"covered_lines": 0, "num_statements": 22, "percent_covered": 0.0, "percent_covered_display": "0", "missing_lines": 22, "excluded_lines": 0}, "missing_lines": [11, 12, 14, 17, 42, 43, 61, 63, 64, 80, 82, 83, 99, 101, 102, 134, 136, 137, 160, 162, 163, 185], "excluded_lines": [], "functions": {"MessageConsumer.connect": {"executed_lines": [], "summary": {"covered_lines": 0, "num_statements": 1, "percent_covered": 0.0, "percent_covered_display": "0", "missing_lines": 1, "excluded_lines": 0}, "missing_lines": [61], "excluded_lines": []}, "MessageConsumer.disconnect": {"executed_lines": [], "summary": {"covered_lines": 0, "num_statements": 1, "percent_covered": 0.0, "percent_covered_display": "0", "missing_lines": 1, "excluded_lines": 0}, "missing_lines": [80], "excluded_lines": []}, "MessageConsumer.is_connected": {"executed_lines": [], "summary": {"covered_lines": 0, "num_statements": 1, "percent_covered": 0.0, "percent_covered_display": "0", "missing_lines": 1, "excluded_lines": 0}, "missing_lines": [99], "excluded_lines": []}, "MessageConsumer.consume_batch": {"executed_lines": [], "summary": {"covered_lines": 0, "num_statements": 1, "percent_covered": 0.0, "percent_covered_display": "0", "missing_lines": 1, "excluded_lines": 0}, "missing_lines": [134], "excluded_lines": []}, "MessageConsumer.acknowledge_batch": {"executed_lines": [], "summary": {"covered_lines": 0, "num_statements": 1, "percent_covered": 0.0, "percent_covered_display": "0", "missing_lines": 1, "excluded_lines": 0}, "missing_lines": [160], "excluded_lines": []}, "MessageConsumer.checkpoint": {"executed_lines": [], "summary": {"covered_lines": 0, "num_statements": 1, "percent_covered": 0.0, "percent_covered_display": "0", "missing_lines": 1, "excluded_lines": 0}, "missing_lines": [185], "excluded_lines": []}, "": {"executed_lines": [], "summary": {"covered_lines": 0, "num_statements": 16, "percent_covered": 0.0, "percent_covered_display": "0", "missing_lines": 16, "excluded_lines": 0}, "missing_lines": [11, 12, 14, 17, 42, 43, 63, 64, 82, 83, 101, 102, 136, 137, 162, 163], "excluded_lines": []}}, "classes": {"MessageConsumer": {"executed_lines": [], "summary": {"covered_lines": 0, "num_statements": 6, "percent_covered": 0.0, "percent_covered_display": "0", "missing_lines": 6, "excluded_lines": 0}, "missing_lines": [61, 80, 99, 134, 160, 185], "excluded_lines": []}, "": {"executed_lines": [], "summary": {"covered_lines": 0, "num_statements": 16, "percent_covered": 0.0, "percent_covered_display": "0", "missing_lines": 16, "excluded_lines": 0}, "missing_lines": [11, 12, 14, 17, 42, 43, 63, 64, 82, 83, 101, 102, 136, 137, 162, 163], "excluded_lines": []}}}, "src/function_app/consumer/event_hubs.py": {"executed_lines": [], "summary": {"covered_lines": 0, "num_statements": 173, "percent_covered": 0.0, "percent_covered_display": "0", "missing_lines": 173, "excluded_lines": 0}, "missing_lines": [11, 12, 13, 14, 15, 16, 17, 19, 20, 21, 22, 23, 24, 25, 27, 28, 29, 30, 31, 32, 34, 35, 37, 40, 56, 70, 71, 76, 77, 78, 80, 81, 82, 83, 84, 85, 87, 92, 103, 104, 105, 107, 108, 111, 119, 120, 124, 127, 128, 129, 131, 132, 134, 135, 136, 140, 141, 146, 147, 148, 149, 150, 152, 159, 160, 161, 163, 164, 166, 167, 169, 172, 174, 176, 177, 179, 180, 182, 183, 185, 192, 194, 217, 218, 220, 221, 222, 225, 226, 227, 230, 233, 235, 237, 239, 240, 243, 244, 245, 248, 249, 256, 258, 260, 261, 264, 265, 268, 269, 270, 272, 274, 275, 276, 277, 278, 279, 281, 283, 284, 285, 287, 288, 290, 292, 294, 295, 302, 307, 308, 313, 315, 316, 318, 319, 320, 321, 323, 324, 326, 340, 341, 343, 344, 349, 351, 365, 366, 368, 369, 373, 377, 393, 396, 399, 402, 405, 407, 417, 423, 425, 426, 429, 430, 433, 438, 444, 446, 447, 448, 449, 450, 451], "excluded_lines": [], "functions": {"EventHubsConsumer.__init__": {"executed_lines": [], "summary": {"covered_lines": 0, "num_statements": 12, "percent_covered": 0.0, "percent_covered_display": "0", "missing_lines": 12, "excluded_lines": 0}, "missing_lines": [70, 71, 76, 77, 78, 80, 81, 82, 83, 84, 85, 87], "excluded_lines": []}, "EventHubsConsumer.connect": {"executed_lines": [], "summary": {"covered_lines": 0, "num_statements": 24, "percent_covered": 0.0, "percent_covered_display": "0", "missing_lines": 24, "excluded_lines": 0}, "missing_lines": [103, 104, 105, 107, 108, 111, 119, 120, 124, 127, 128, 129, 131, 132, 134, 135, 136, 140, 141, 146, 147, 148, 149, 150], "excluded_lines": []}, "EventHubsConsumer.disconnect": {"executed_lines": [], "summary": {"covered_lines": 0, "num_statements": 16, "percent_covered": 0.0, "percent_covered_display": "0", "missing_lines": 16, "excluded_lines": 0}, "missing_lines": [159, 160, 161, 163, 164, 166, 167, 169, 172, 174, 176, 177, 179, 180, 182, 183], "excluded_lines": []}, "EventHubsConsumer.is_connected": {"executed_lines": [], "summary": {"covered_lines": 0, "num_statements": 1, "percent_covered": 0.0, "percent_covered_display": "0", "missing_lines": 1, "excluded_lines": 0}, "missing_lines": [192], "excluded_lines": []}, "EventHubsConsumer.consume_batch": {"executed_lines": [], "summary": {"covered_lines": 0, "num_statements": 36, "percent_covered": 0.0, "percent_covered_display": "0", "missing_lines": 36, "excluded_lines": 0}, "missing_lines": [217, 218, 220, 221, 222, 225, 226, 227, 230, 264, 265, 268, 269, 270, 272, 283, 284, 285, 287, 288, 290, 292, 294, 295, 302, 307, 308, 313, 315, 316, 318, 319, 320, 321, 323, 324], "excluded_lines": []}, "EventHubsConsumer.consume_batch._receive_events": {"executed_lines": [], "summary": {"covered_lines": 0, "num_statements": 9, "percent_covered": 0.0, "percent_covered_display": "0", "missing_lines": 9, "excluded_lines": 0}, "missing_lines": [233, 235, 237, 248, 249, 256, 258, 260, 261], "excluded_lines": []}, "EventHubsConsumer.consume_batch._receive_events.on_event": {"executed_lines": [], "summary": {"covered_lines": 0, "num_statements": 5, "percent_covered": 0.0, "percent_covered_display": "0", "missing_lines": 5, "excluded_lines": 0}, "missing_lines": [239, 240, 243, 244, 245], "excluded_lines": []}, "EventHubsConsumer.consume_batch.run_in_thread": {"executed_lines": [], "summary": {"covered_lines": 0, "num_statements": 7, "percent_covered": 0.0, "percent_covered_display": "0", "missing_lines": 7, "excluded_lines": 0}, "missing_lines": [274, 275, 276, 277, 278, 279, 281], "excluded_lines": []}, "EventHubsConsumer.acknowledge_batch": {"executed_lines": [], "summary": {"covered_lines": 0, "num_statements": 5, "percent_covered": 0.0, "percent_covered_display": "0", "missing_lines": 5, "excluded_lines": 0}, "missing_lines": [340, 341, 343, 344, 349], "excluded_lines": []}, "EventHubsConsumer.checkpoint": {"executed_lines": [], "summary": {"covered_lines": 0, "num_statements": 5, "percent_covered": 0.0, "percent_covered_display": "0", "missing_lines": 5, "excluded_lines": 0}, "missing_lines": [365, 366, 368, 369, 373], "excluded_lines": []}, "EventHubsConsumer._event_data_to_message": {"executed_lines": [], "summary": {"covered_lines": 0, "num_statements": 6, "percent_covered": 0.0, "percent_covered_display": "0", "missing_lines": 6, "excluded_lines": 0}, "missing_lines": [393, 396, 399, 402, 405, 407], "excluded_lines": []}, "EventHubsConsumer._handle_connection_error": {"executed_lines": [], "summary": {"covered_lines": 0, "num_statements": 14, "percent_covered": 0.0, "percent_covered_display": "0", "missing_lines": 14, "excluded_lines": 0}, "missing_lines": [423, 425, 426, 429, 430, 433, 438, 444, 446, 447, 448, 449, 450, 451], "excluded_lines": []}, "": {"executed_lines": [], "summary": {"covered_lines": 0, "num_statements": 33, "percent_covered": 0.0, "percent_covered_display": "0", "missing_lines": 33, "excluded_lines": 0}, "missing_lines": [11, 12, 13, 14, 15, 16, 17, 19, 20, 21, 22, 23, 24, 25, 27, 28, 29, 30, 31, 32, 34, 35, 37, 40, 56, 92, 152, 185, 194, 326, 351, 377, 417], "excluded_lines": []}}, "classes": {"EventHubsConsumer": {"executed_lines": [], "summary": {"covered_lines": 0, "num_statements": 140, "percent_covered": 0.0, "percent_covered_display": "0", "missing_lines": 140, "excluded_lines": 0}, "missing_lines": [70, 71, 76, 77, 78, 80, 81, 82, 83, 84, 85, 87, 103, 104, 105, 107, 108, 111, 119, 120, 124, 127, 128, 129, 131, 132, 134, 135, 136, 140, 141, 146, 147, 148, 149, 150, 159, 160, 161, 163, 164, 166, 167, 169, 172, 174, 176, 177, 179, 180, 182, 183, 192, 217, 218, 220, 221, 222, 225, 226, 227, 230, 233, 235, 237, 239, 240, 243, 244, 245, 248, 249, 256, 258, 260, 261, 264, 265, 268, 269, 270, 272, 274, 275, 276, 277, 278, 279, 281, 283, 284, 285, 287, 288, 290, 292, 294, 295, 302, 307, 308, 313, 315, 316, 318, 319, 320, 321, 323, 324, 340, 341, 343, 344, 349, 365, 366, 368, 369, 373, 393, 396, 399, 402, 405, 407, 423, 425, 426, 429, 430, 433, 438, 444, 446, 447, 448, 449, 450, 451], "excluded_lines": []}, "": {"executed_lines": [], "summary": {"covered_lines": 0, "num_statements": 33, "percent_covered": 0.0, "percent_covered_display": "0", "missing_lines": 33, "excluded_lines": 0}, "missing_lines": [11, 12, 13, 14, 15, 16, 17, 19, 20, 21, 22, 23, 24, 25, 27, 28, 29, 30, 31, 32, 34, 35, 37, 40, 56, 92, 152, 185, 194, 326, 351, 377, 417], "excluded_lines": []}}}, "src/function_app/consumer/kafka.py": {"executed_lines": [], "summary": {"covered_lines": 0, "num_statements": 146, "percent_covered": 0.0, "percent_covered_display": "0", "missing_lines": 146, "excluded_lines": 0}, "missing_lines": [11, 12, 13, 14, 15, 16, 18, 19, 20, 21, 22, 23, 25, 26, 28, 31, 47, 61, 62, 67, 68, 69, 71, 72, 73, 74, 75, 76, 78, 84, 95, 96, 97, 99, 100, 103, 114, 115, 116, 118, 119, 121, 122, 126, 127, 132, 133, 134, 135, 136, 138, 145, 146, 147, 149, 150, 151, 152, 154, 155, 157, 158, 160, 161, 163, 170, 172, 195, 196, 198, 199, 200, 203, 208, 209, 210, 213, 214, 215, 216, 219, 220, 222, 223, 225, 227, 228, 235, 240, 241, 246, 248, 249, 251, 252, 253, 254, 256, 257, 259, 273, 274, 276, 277, 279, 283, 285, 290, 291, 292, 294, 309, 310, 312, 313, 315, 317, 319, 324, 325, 326, 328, 339, 342, 343, 344, 345, 348, 351, 354, 356, 366, 372, 374, 375, 378, 379, 382, 387, 393, 395, 396, 397, 398, 399, 400], "excluded_lines": [], "functions": {"KafkaConsumer.__init__": {"executed_lines": [], "summary": {"covered_lines": 0, "num_statements": 12, "percent_covered": 0.0, "percent_covered_display": "0", "missing_lines": 12, "excluded_lines": 0}, "missing_lines": [61, 62, 67, 68, 69, 71, 72, 73, 74, 75, 76, 78], "excluded_lines": []}, "KafkaConsumer.connect": {"executed_lines": [], "summary": {"covered_lines": 0, "num_statements": 20, "percent_covered": 0.0, "percent_covered_display": "0", "missing_lines": 20, "excluded_lines": 0}, "missing_lines": [95, 96, 97, 99, 100, 103, 114, 115, 116, 118, 119, 121, 122, 126, 127, 132, 133, 134, 135, 136], "excluded_lines": []}, "KafkaConsumer.disconnect": {"executed_lines": [], "summary": {"covered_lines": 0, "num_statements": 13, "percent_covered": 0.0, "percent_covered_display": "0", "missing_lines": 13, "excluded_lines": 0}, "missing_lines": [145, 146, 147, 149, 150, 151, 152, 154, 155, 157, 158, 160, 161], "excluded_lines": []}, "KafkaConsumer.is_connected": {"executed_lines": [], "summary": {"covered_lines": 0, "num_statements": 1, "percent_covered": 0.0, "percent_covered_display": "0", "missing_lines": 1, "excluded_lines": 0}, "missing_lines": [170], "excluded_lines": []}, "KafkaConsumer.consume_batch": {"executed_lines": [], "summary": {"covered_lines": 0, "num_statements": 32, "percent_covered": 0.0, "percent_covered_display": "0", "missing_lines": 32, "excluded_lines": 0}, "missing_lines": [195, 196, 198, 199, 200, 203, 208, 209, 210, 213, 214, 215, 216, 219, 220, 222, 223, 225, 227, 228, 235, 240, 241, 246, 248, 249, 251, 252, 253, 254, 256, 257], "excluded_lines": []}, "KafkaConsumer.acknowledge_batch": {"executed_lines": [], "summary": {"covered_lines": 0, "num_statements": 10, "percent_covered": 0.0, "percent_covered_display": "0", "missing_lines": 10, "excluded_lines": 0}, "missing_lines": [273, 274, 276, 277, 279, 283, 285, 290, 291, 292], "excluded_lines": []}, "KafkaConsumer.checkpoint": {"executed_lines": [], "summary": {"covered_lines": 0, "num_statements": 10, "percent_covered": 0.0, "percent_covered_display": "0", "missing_lines": 10, "excluded_lines": 0}, "missing_lines": [309, 310, 312, 313, 315, 317, 319, 324, 325, 326], "excluded_lines": []}, "KafkaConsumer._kafka_record_to_message": {"executed_lines": [], "summary": {"covered_lines": 0, "num_statements": 9, "percent_covered": 0.0, "percent_covered_display": "0", "missing_lines": 9, "excluded_lines": 0}, "missing_lines": [339, 342, 343, 344, 345, 348, 351, 354, 356], "excluded_lines": []}, "KafkaConsumer._handle_connection_error": {"executed_lines": [], "summary": {"covered_lines": 0, "num_statements": 14, "percent_covered": 0.0, "percent_covered_display": "0", "missing_lines": 14, "excluded_lines": 0}, "missing_lines": [372, 374, 375, 378, 379, 382, 387, 393, 395, 396, 397, 398, 399, 400], "excluded_lines": []}, "": {"executed_lines": [], "summary": {"covered_lines": 0, "num_statements": 25, "percent_covered": 0.0, "percent_covered_display": "0", "missing_lines": 25, "excluded_lines": 0}, "missing_lines": [11, 12, 13, 14, 15, 16, 18, 19, 20, 21, 22, 23, 25, 26, 28, 31, 47, 84, 138, 163, 172, 259, 294, 328, 366], "excluded_lines": []}}, "classes": {"KafkaConsumer": {"executed_lines": [], "summary": {"covered_lines": 0, "num_statements": 121, "percent_covered": 0.0, "percent_covered_display": "0", "missing_lines": 121, "excluded_lines": 0}, "missing_lines": [61, 62, 67, 68, 69, 71, 72, 73, 74, 75, 76, 78, 95, 96, 97, 99, 100, 103, 114, 115, 116, 118, 119, 121, 122, 126, 127, 132, 133, 134, 135, 136, 145, 146, 147, 149, 150, 151, 152, 154, 155, 157, 158, 160, 161, 170, 195, 196, 198, 199, 200, 203, 208, 209, 210, 213, 214, 215, 216, 219, 220, 222, 223, 225, 227, 228, 235, 240, 241, 246, 248, 249, 251, 252, 253, 254, 256, 257, 273, 274, 276, 277, 279, 283, 285, 290, 291, 292, 309, 310, 312, 313, 315, 317, 319, 324, 325, 326, 339, 342, 343, 344, 345, 348, 351, 354, 356, 372, 374, 375, 378, 379, 382, 387, 393, 395, 396, 397, 398, 399, 400], "excluded_lines": []}, "": {"executed_lines": [], "summary": {"covered_lines": 0, "num_statements": 25, "percent_covered": 0.0, "percent_covered_display": "0", "missing_lines": 25, "excluded_lines": 0}, "missing_lines": [11, 12, 13, 14, 15, 16, 18, 19, 20, 21, 22, 23, 25, 26, 28, 31, 47, 84, 138, 163, 172, 259, 294, 328, 366], "excluded_lines": []}}}, "src/function_app/messaging/__init__.py": {"executed_lines": [1, 8, 10], "summary": {"covered_lines": 2, "num_statements": 2, "percent_covered": 100.0, "percent_covered_display": "100", "missing_lines": 0, "excluded_lines": 0}, "missing_lines": [], "excluded_lines": [], "functions": {"": {"executed_lines": [1, 8, 10], "summary": {"covered_lines": 2, "num_statements": 2, "percent_covered": 100.0, "percent_covered_display": "100", "missing_lines": 0, "excluded_lines": 0}, "missing_lines": [], "excluded_lines": []}}, "classes": {"": {"executed_lines": [1, 8, 10], "summary": {"covered_lines": 2, "num_statements": 2, "percent_covered": 100.0, "percent_covered_display": "100", "missing_lines": 0, "excluded_lines": 0}, "missing_lines": [], "excluded_lines": []}}}, "src/function_app/messaging/message.py": {"executed_lines": [1, 11, 12, 13, 14, 17, 18, 19, 49, 50, 51, 52, 53, 54, 55, 57, 95, 96, 97, 123, 124, 125, 126, 128, 145, 162, 171, 180], "summary": {"covered_lines": 25, "num_statements": 38, "percent_covered": 65.78947368421052, "percent_covered_display": "66", "missing_lines": 13, "excluded_lines": 0}, "missing_lines": [81, 82, 84, 85, 86, 89, 90, 92, 143, 160, 169, 178, 187], "excluded_lines": [], "functions": {"Message.get_body_as_dict": {"executed_lines": [], "summary": {"covered_lines": 0, "num_statements": 8, "percent_covered": 0.0, "percent_covered_display": "0", "missing_lines": 8, "excluded_lines": 0}, "missing_lines": [81, 82, 84, 85, 86, 89, 90, 92], "excluded_lines": []}, "MessageBatch.__len__": {"executed_lines": [], "summary": {"covered_lines": 0, "num_statements": 1, "percent_covered": 0.0, "percent_covered_display": "0", "missing_lines": 1, "excluded_lines": 0}, "missing_lines": [143], "excluded_lines": []}, "MessageBatch.__iter__": {"executed_lines": [], "summary": {"covered_lines": 0, "num_statements": 1, "percent_covered": 0.0, "percent_covered_display": "0", "missing_lines": 1, "excluded_lines": 0}, "missing_lines": [160], "excluded_lines": []}, "MessageBatch.is_empty": {"executed_lines": [], "summary": {"covered_lines": 0, "num_statements": 1, "percent_covered": 0.0, "percent_covered_display": "0", "missing_lines": 1, "excluded_lines": 0}, "missing_lines": [169], "excluded_lines": []}, "MessageBatch.get_first_message": {"executed_lines": [], "summary": {"covered_lines": 0, "num_statements": 1, "percent_covered": 0.0, "percent_covered_display": "0", "missing_lines": 1, "excluded_lines": 0}, "missing_lines": [178], "excluded_lines": []}, "MessageBatch.get_last_message": {"executed_lines": [], "summary": {"covered_lines": 0, "num_statements": 1, "percent_covered": 0.0, "percent_covered_display": "0", "missing_lines": 1, "excluded_lines": 0}, "missing_lines": [187], "excluded_lines": []}, "": {"executed_lines": [1, 11, 12, 13, 14, 17, 18, 19, 49, 50, 51, 52, 53, 54, 55, 57, 95, 96, 97, 123, 124, 125, 126, 128, 145, 162, 171, 180], "summary": {"covered_lines": 25, "num_statements": 25, "percent_covered": 100.0, "percent_covered_display": "100", "missing_lines": 0, "excluded_lines": 0}, "missing_lines": [], "excluded_lines": []}}, "classes": {"Message": {"executed_lines": [], "summary": {"covered_lines": 0, "num_statements": 8, "percent_covered": 0.0, "percent_covered_display": "0", "missing_lines": 8, "excluded_lines": 0}, "missing_lines": [81, 82, 84, 85, 86, 89, 90, 92], "excluded_lines": []}, "MessageBatch": {"executed_lines": [], "summary": {"covered_lines": 0, "num_statements": 5, "percent_covered": 0.0, "percent_covered_display": "0", "missing_lines": 5, "excluded_lines": 0}, "missing_lines": [143, 160, 169, 178, 187], "excluded_lines": []}, "": {"executed_lines": [1, 11, 12, 13, 14, 17, 18, 19, 49, 50, 51, 52, 53, 54, 55, 57, 95, 96, 97, 123, 124, 125, 126, 128, 145, 162, 171, 180], "summary": {"covered_lines": 25, "num_statements": 25, "percent_covered": 100.0, "percent_covered_display": "100", "missing_lines": 0, "excluded_lines": 0}, "missing_lines": [], "excluded_lines": []}}}, "src/function_app/parsing/__init__.py": {"executed_lines": [1, 8, 15, 16, 18], "summary": {"covered_lines": 4, "num_statements": 4, "percent_covered": 100.0, "percent_covered_display": "100", "missing_lines": 0, "excluded_lines": 0}, "missing_lines": [], "excluded_lines": [], "functions": {"": {"executed_lines": [1, 8, 15, 16, 18], "summary": {"covered_lines": 4, "num_statements": 4, "percent_covered": 100.0, "percent_covered_display": "100", "missing_lines": 0, "excluded_lines": 0}, "missing_lines": [], "excluded_lines": []}}, "classes": {"": {"executed_lines": [1, 8, 15, 16, 18], "summary": {"covered_lines": 4, "num_statements": 4, "percent_covered": 100.0, "percent_covered_display": "100", "missing_lines": 0, "excluded_lines": 0}, "missing_lines": [], "excluded_lines": []}}}, "src/function_app/parsing/data_parser.py": {"executed_lines": [1, 11, 12, 13, 14, 15, 16, 18, 24, 26, 29, 30, 49, 83, 158, 179, 216, 234, 296, 310, 341], "summary": {"covered_lines": 19, "num_statements": 117, "percent_covered": 16.23931623931624, "percent_covered_display": "16", "missing_lines": 98, "excluded_lines": 0}, "missing_lines": [62, 63, 64, 67, 68, 69, 72, 79, 81, 102, 104, 105, 107, 109, 110, 111, 114, 116, 118, 119, 121, 122, 124, 127, 128, 129, 133, 135, 137, 138, 141, 148, 151, 153, 154, 156, 173, 174, 175, 176, 177, 189, 191, 194, 197, 198, 199, 200, 202, 203, 204, 205, 206, 208, 209, 210, 211, 212, 214, 227, 228, 232, 246, 247, 249, 250, 251, 253, 255, 256, 259, 260, 261, 262, 263, 264, 267, 282, 284, 290, 291, 303, 304, 305, 306, 307, 308, 323, 324, 325, 326, 327, 329, 330, 332, 343, 344, 351], "excluded_lines": [], "functions": {"DataParser.__init__": {"executed_lines": [], "summary": {"covered_lines": 0, "num_statements": 9, "percent_covered": 0.0, "percent_covered_display": "0", "missing_lines": 9, "excluded_lines": 0}, "missing_lines": [62, 63, 64, 67, 68, 69, 72, 79, 81], "excluded_lines": []}, "DataParser.parse_and_validate": {"executed_lines": [], "summary": {"covered_lines": 0, "num_statements": 27, "percent_covered": 0.0, "percent_covered_display": "0", "missing_lines": 27, "excluded_lines": 0}, "missing_lines": [102, 104, 105, 107, 109, 110, 111, 114, 116, 118, 119, 121, 122, 124, 127, 128, 129, 133, 135, 137, 138, 141, 148, 151, 153, 154, 156], "excluded_lines": []}, "DataParser.parse_batch": {"executed_lines": [], "summary": {"covered_lines": 0, "num_statements": 5, "percent_covered": 0.0, "percent_covered_display": "0", "missing_lines": 5, "excluded_lines": 0}, "missing_lines": [173, 174, 175, 176, 177], "excluded_lines": []}, "DataParser._load_schema": {"executed_lines": [], "summary": {"covered_lines": 0, "num_statements": 18, "percent_covered": 0.0, "percent_covered_display": "0", "missing_lines": 18, "excluded_lines": 0}, "missing_lines": [189, 191, 194, 197, 198, 199, 200, 202, 203, 204, 205, 206, 208, 209, 210, 211, 212, 214], "excluded_lines": []}, "DataParser._validate_schema": {"executed_lines": [], "summary": {"covered_lines": 0, "num_statements": 3, "percent_covered": 0.0, "percent_covered_display": "0", "missing_lines": 3, "excluded_lines": 0}, "missing_lines": [227, 228, 232], "excluded_lines": []}, "DataParser._route_to_dead_letter": {"executed_lines": [], "summary": {"covered_lines": 0, "num_statements": 19, "percent_covered": 0.0, "percent_covered_display": "0", "missing_lines": 19, "excluded_lines": 0}, "missing_lines": [246, 247, 249, 250, 251, 253, 255, 256, 259, 260, 261, 262, 263, 264, 267, 282, 284, 290, 291], "excluded_lines": []}, "DataParser.reload_schemas": {"executed_lines": [], "summary": {"covered_lines": 0, "num_statements": 6, "percent_covered": 0.0, "percent_covered_display": "0", "missing_lines": 6, "excluded_lines": 0}, "missing_lines": [303, 304, 305, 306, 307, 308], "excluded_lines": []}, "DataParser.get_metrics": {"executed_lines": [], "summary": {"covered_lines": 0, "num_statements": 8, "percent_covered": 0.0, "percent_covered_display": "0", "missing_lines": 8, "excluded_lines": 0}, "missing_lines": [323, 324, 325, 326, 327, 329, 330, 332], "excluded_lines": []}, "DataParser.reset_metrics": {"executed_lines": [], "summary": {"covered_lines": 0, "num_statements": 3, "percent_covered": 0.0, "percent_covered_display": "0", "missing_lines": 3, "excluded_lines": 0}, "missing_lines": [343, 344, 351], "excluded_lines": []}, "": {"executed_lines": [1, 11, 12, 13, 14, 15, 16, 18, 24, 26, 29, 30, 49, 83, 158, 179, 216, 234, 296, 310, 341], "summary": {"covered_lines": 19, "num_statements": 19, "percent_covered": 100.0, "percent_covered_display": "100", "missing_lines": 0, "excluded_lines": 0}, "missing_lines": [], "excluded_lines": []}}, "classes": {"DataParser": {"executed_lines": [], "summary": {"covered_lines": 0, "num_statements": 98, "percent_covered": 0.0, "percent_covered_display": "0", "missing_lines": 98, "excluded_lines": 0}, "missing_lines": [62, 63, 64, 67, 68, 69, 72, 79, 81, 102, 104, 105, 107, 109, 110, 111, 114, 116, 118, 119, 121, 122, 124, 127, 128, 129, 133, 135, 137, 138, 141, 148, 151, 153, 154, 156, 173, 174, 175, 176, 177, 189, 191, 194, 197, 198, 199, 200, 202, 203, 204, 205, 206, 208, 209, 210, 211, 212, 214, 227, 228, 232, 246, 247, 249, 250, 251, 253, 255, 256, 259, 260, 261, 262, 263, 264, 267, 282, 284, 290, 291, 303, 304, 305, 306, 307, 308, 323, 324, 325, 326, 327, 329, 330, 332, 343, 344, 351], "excluded_lines": []}, "": {"executed_lines": [1, 11, 12, 13, 14, 15, 16, 18, 24, 26, 29, 30, 49, 83, 158, 179, 216, 234, 296, 310, 341], "summary": {"covered_lines": 19, "num_statements": 19, "percent_covered": 100.0, "percent_covered_display": "100", "missing_lines": 0, "excluded_lines": 0}, "missing_lines": [], "excluded_lines": []}}}, "src/function_app/parsing/models.py": {"executed_lines": [1, 11, 12, 13, 14, 17, 18, 31, 32, 33, 34, 36, 41, 42, 43, 64, 65, 66, 67, 68, 69, 70, 71, 72, 73, 74, 76, 106, 107, 108, 124, 125, 126, 127, 128, 130, 146, 147, 148, 163, 164, 165, 166, 168, 188, 189, 210, 211, 233, 234, 235, 252, 253, 254, 255, 256, 257, 259], "summary": {"covered_lines": 52, "num_statements": 64, "percent_covered": 81.25, "percent_covered_display": "81", "missing_lines": 12, "excluded_lines": 0}, "missing_lines": [38, 91, 137, 175, 180, 181, 183, 184, 186, 204, 226, 269], "excluded_lines": [], "functions": {"TransactionStatus.__str__": {"executed_lines": [], "summary": {"covered_lines": 0, "num_statements": 1, "percent_covered": 0.0, "percent_covered_display": "0", "missing_lines": 1, "excluded_lines": 0}, "missing_lines": [38], "excluded_lines": []}, "ParsedTransaction.to_dict": {"executed_lines": [], "summary": {"covered_lines": 0, "num_statements": 1, "percent_covered": 0.0, "percent_covered_display": "0", "missing_lines": 1, "excluded_lines": 0}, "missing_lines": [91], "excluded_lines": []}, "ValidationError.to_dict": {"executed_lines": [], "summary": {"covered_lines": 0, "num_statements": 1, "percent_covered": 0.0, "percent_covered_display": "0", "missing_lines": 1, "excluded_lines": 0}, "missing_lines": [137], "excluded_lines": []}, "ParseResult.to_dict": {"executed_lines": [], "summary": {"covered_lines": 0, "num_statements": 6, "percent_covered": 0.0, "percent_covered_display": "0", "missing_lines": 6, "excluded_lines": 0}, "missing_lines": [175, 180, 181, 183, 184, 186], "excluded_lines": []}, "ParseResult.success_result": {"executed_lines": [], "summary": {"covered_lines": 0, "num_statements": 1, "percent_covered": 0.0, "percent_covered_display": "0", "missing_lines": 1, "excluded_lines": 0}, "missing_lines": [204], "excluded_lines": []}, "ParseResult.error_result": {"executed_lines": [], "summary": {"covered_lines": 0, "num_statements": 1, "percent_covered": 0.0, "percent_covered_display": "0", "missing_lines": 1, "excluded_lines": 0}, "missing_lines": [226], "excluded_lines": []}, "FailedMessage.to_dict": {"executed_lines": [], "summary": {"covered_lines": 0, "num_statements": 1, "percent_covered": 0.0, "percent_covered_display": "0", "missing_lines": 1, "excluded_lines": 0}, "missing_lines": [269], "excluded_lines": []}, "": {"executed_lines": [1, 11, 12, 13, 14, 17, 18, 31, 32, 33, 34, 36, 41, 42, 43, 64, 65, 66, 67, 68, 69, 70, 71, 72, 73, 74, 76, 106, 107, 108, 124, 125, 126, 127, 128, 130, 146, 147, 148, 163, 164, 165, 166, 168, 188, 189, 210, 211, 233, 234, 235, 252, 253, 254, 255, 256, 257, 259], "summary": {"covered_lines": 52, "num_statements": 52, "percent_covered": 100.0, "percent_covered_display": "100", "missing_lines": 0, "excluded_lines": 0}, "missing_lines": [], "excluded_lines": []}}, "classes": {"TransactionStatus": {"executed_lines": [], "summary": {"covered_lines": 0, "num_statements": 1, "percent_covered": 0.0, "percent_covered_display": "0", "missing_lines": 1, "excluded_lines": 0}, "missing_lines": [38], "excluded_lines": []}, "ParsedTransaction": {"executed_lines": [], "summary": {"covered_lines": 0, "num_statements": 1, "percent_covered": 0.0, "percent_covered_display": "0", "missing_lines": 1, "excluded_lines": 0}, "missing_lines": [91], "excluded_lines": []}, "ValidationError": {"executed_lines": [], "summary": {"covered_lines": 0, "num_statements": 1, "percent_covered": 0.0, "percent_covered_display": "0", "missing_lines": 1, "excluded_lines": 0}, "missing_lines": [137], "excluded_lines": []}, "ParseResult": {"executed_lines": [], "summary": {"covered_lines": 0, "num_statements": 8, "percent_covered": 0.0, "percent_covered_display": "0", "missing_lines": 8, "excluded_lines": 0}, "missing_lines": [175, 180, 181, 183, 184, 186, 204, 226], "excluded_lines": []}, "FailedMessage": {"executed_lines": [], "summary": {"covered_lines": 0, "num_statements": 1, "percent_covered": 0.0, "percent_covered_display": "0", "missing_lines": 1, "excluded_lines": 0}, "missing_lines": [269], "excluded_lines": []}, "": {"executed_lines": [1, 11, 12, 13, 14, 17, 18, 31, 32, 33, 34, 36, 41, 42, 43, 64, 65, 66, 67, 68, 69, 70, 71, 72, 73, 74, 76, 106, 107, 108, 124, 125, 126, 127, 128, 130, 146, 147, 148, 163, 164, 165, 166, 168, 188, 189, 210, 211, 233, 234, 235, 252, 253, 254, 255, 256, 257, 259], "summary": {"covered_lines": 52, "num_statements": 52, "percent_covered": 100.0, "percent_covered_display": "100", "missing_lines": 0, "excluded_lines": 0}, "missing_lines": [], "excluded_lines": []}}}, "src/function_app/parsing/parser.py": {"executed_lines": [1, 11, 12, 13, 14, 16, 23, 26, 27, 44, 60, 160, 267, 313], "summary": {"covered_lines": 12, "num_statements": 86, "percent_covered": 13.953488372093023, "percent_covered_display": "14", "missing_lines": 74, "excluded_lines": 0}, "missing_lines": [52, 53, 56, 58, 90, 92, 94, 95, 96, 97, 104, 105, 106, 113, 116, 117, 118, 124, 125, 126, 127, 134, 137, 140, 141, 146, 148, 150, 151, 158, 176, 190, 191, 192, 199, 202, 212, 213, 214, 216, 219, 220, 227, 230, 231, 238, 240, 241, 248, 250, 252, 253, 254, 255, 262, 265, 278, 279, 280, 281, 282, 283, 284, 285, 288, 289, 290, 291, 292, 295, 296, 297, 299, 317], "excluded_lines": [], "functions": {"TransactionParser.__init__": {"executed_lines": [], "summary": {"covered_lines": 0, "num_statements": 4, "percent_covered": 0.0, "percent_covered_display": "0", "missing_lines": 4, "excluded_lines": 0}, "missing_lines": [52, 53, 56, 58], "excluded_lines": []}, "TransactionParser.parse_and_validate": {"executed_lines": [], "summary": {"covered_lines": 0, "num_statements": 26, "percent_covered": 0.0, "percent_covered_display": "0", "missing_lines": 26, "excluded_lines": 0}, "missing_lines": [90, 92, 94, 95, 96, 97, 104, 105, 106, 113, 116, 117, 118, 124, 125, 126, 127, 134, 137, 140, 141, 146, 148, 150, 151, 158], "excluded_lines": []}, "TransactionParser._validate_against_schema": {"executed_lines": [], "summary": {"covered_lines": 0, "num_statements": 26, "percent_covered": 0.0, "percent_covered_display": "0", "missing_lines": 26, "excluded_lines": 0}, "missing_lines": [176, 190, 191, 192, 199, 202, 212, 213, 214, 216, 219, 220, 227, 230, 231, 238, 240, 241, 248, 250, 252, 253, 254, 255, 262, 265], "excluded_lines": []}, "TransactionParser._create_transaction": {"executed_lines": [], "summary": {"covered_lines": 0, "num_statements": 17, "percent_covered": 0.0, "percent_covered_display": "0", "missing_lines": 17, "excluded_lines": 0}, "missing_lines": [278, 279, 280, 281, 282, 283, 284, 285, 288, 289, 290, 291, 292, 295, 296, 297, 299], "excluded_lines": []}, "TransactionParser._register_default_rules": {"executed_lines": [], "summary": {"covered_lines": 0, "num_statements": 1, "percent_covered": 0.0, "percent_covered_display": "0", "missing_lines": 1, "excluded_lines": 0}, "missing_lines": [317], "excluded_lines": []}, "": {"executed_lines": [1, 11, 12, 13, 14, 16, 23, 26, 27, 44, 60, 160, 267, 313], "summary": {"covered_lines": 12, "num_statements": 12, "percent_covered": 100.0, "percent_covered_display": "100", "missing_lines": 0, "excluded_lines": 0}, "missing_lines": [], "excluded_lines": []}}, "classes": {"TransactionParser": {"executed_lines": [], "summary": {"covered_lines": 0, "num_statements": 74, "percent_covered": 0.0, "percent_covered_display": "0", "missing_lines": 74, "excluded_lines": 0}, "missing_lines": [52, 53, 56, 58, 90, 92, 94, 95, 96, 97, 104, 105, 106, 113, 116, 117, 118, 124, 125, 126, 127, 134, 137, 140, 141, 146, 148, 150, 151, 158, 176, 190, 191, 192, 199, 202, 212, 213, 214, 216, 219, 220, 227, 230, 231, 238, 240, 241, 248, 250, 252, 253, 254, 255, 262, 265, 278, 279, 280, 281, 282, 283, 284, 285, 288, 289, 290, 291, 292, 295, 296, 297, 299, 317], "excluded_lines": []}, "": {"executed_lines": [1, 11, 12, 13, 14, 16, 23, 26, 27, 44, 60, 160, 267, 313], "summary": {"covered_lines": 12, "num_statements": 12, "percent_covered": 100.0, "percent_covered_display": "100", "missing_lines": 0, "excluded_lines": 0}, "missing_lines": [], "excluded_lines": []}}}, "src/function_app/storage/__init__.py": {"executed_lines": [1, 5, 6, 7, 10, 11, 12, 17, 25, 26], "summary": {"covered_lines": 9, "num_statements": 12, "percent_covered": 75.0, "percent_covered_display": "75", "missing_lines": 3, "excluded_lines": 0}, "missing_lines": [13, 14, 15], "excluded_lines": [], "functions": {"": {"executed_lines": [1, 5, 6, 7, 10, 11, 12, 17, 25, 26], "summary": {"covered_lines": 9, "num_statements": 12, "percent_covered": 75.0, "percent_covered_display": "75", "missing_lines": 3, "excluded_lines": 0}, "missing_lines": [13, 14, 15], "excluded_lines": []}}, "classes": {"": {"executed_lines": [1, 5, 6, 7, 10, 11, 12, 17, 25, 26], "summary": {"covered_lines": 9, "num_statements": 12, "percent_covered": 75.0, "percent_covered_display": "75", "missing_lines": 3, "excluded_lines": 0}, "missing_lines": [13, 14, 15], "excluded_lines": []}}}, "src/function_app/storage/blob_raw_event_store.py": {"executed_lines": [1, 7, 8, 9, 10, 11, 12, 13, 15, 16, 18, 19, 20, 23, 26, 27, 41, 93, 106, 120, 129, 167, 183, 238, 263, 333, 362, 392, 405, 411, 430, 511, 625, 658], "summary": {"covered_lines": 32, "num_statements": 228, "percent_covered": 14.035087719298245, "percent_covered_display": "14", "missing_lines": 196, "excluded_lines": 0}, "missing_lines": [61, 62, 63, 64, 65, 66, 69, 74, 77, 78, 79, 80, 83, 84, 85, 86, 88, 103, 104, 116, 117, 118, 127, 142, 143, 144, 145, 148, 149, 153, 154, 156, 157, 160, 161, 163, 164, 165, 180, 181, 190, 191, 193, 194, 195, 197, 198, 200, 202, 205, 208, 211, 212, 213, 214, 217, 219, 224, 226, 228, 229, 230, 232, 234, 235, 236, 247, 248, 251, 253, 261, 284, 289, 291, 292, 294, 305, 306, 308, 310, 311, 312, 316, 317, 320, 321, 322, 324, 326, 327, 328, 331, 344, 346, 347, 350, 351, 360, 380, 381, 383, 394, 395, 397, 398, 399, 401, 402, 403, 407, 408, 409, 418, 419, 421, 447, 449, 456, 459, 463, 465, 466, 468, 469, 470, 472, 477, 480, 481, 483, 487, 488, 493, 495, 499, 501, 502, 503, 504, 506, 507, 508, 509, 533, 534, 536, 537, 542, 544, 545, 547, 552, 553, 554, 556, 557, 558, 560, 565, 568, 571, 576, 578, 583, 584, 589, 591, 592, 597, 600, 602, 607, 609, 610, 614, 615, 617, 618, 622, 623, 640, 641, 642, 644, 645, 651, 654, 656, 664, 666, 667, 669, 670, 673, 675, 677], "excluded_lines": [], "functions": {"BlobRawEventStore.__init__": {"executed_lines": [], "summary": {"covered_lines": 0, "num_statements": 17, "percent_covered": 0.0, "percent_covered_display": "0", "missing_lines": 17, "excluded_lines": 0}, "missing_lines": [61, 62, 63, 64, 65, 66, 69, 74, 77, 78, 79, 80, 83, 84, 85, 86, 88], "excluded_lines": []}, "BlobRawEventStore.store_event": {"executed_lines": [], "summary": {"covered_lines": 0, "num_statements": 2, "percent_covered": 0.0, "percent_covered_display": "0", "missing_lines": 2, "excluded_lines": 0}, "missing_lines": [103, 104], "excluded_lines": []}, "BlobRawEventStore.store_events_batch": {"executed_lines": [], "summary": {"covered_lines": 0, "num_statements": 3, "percent_covered": 0.0, "percent_covered_display": "0", "missing_lines": 3, "excluded_lines": 0}, "missing_lines": [116, 117, 118], "excluded_lines": []}, "BlobRawEventStore.flush": {"executed_lines": [], "summary": {"covered_lines": 0, "num_statements": 1, "percent_covered": 0.0, "percent_covered_display": "0", "missing_lines": 1, "excluded_lines": 0}, "missing_lines": [127], "excluded_lines": []}, "BlobRawEventStore.buffer_event": {"executed_lines": [], "summary": {"covered_lines": 0, "num_statements": 15, "percent_covered": 0.0, "percent_covered_display": "0", "missing_lines": 15, "excluded_lines": 0}, "missing_lines": [142, 143, 144, 145, 148, 149, 153, 154, 156, 157, 160, 161, 163, 164, 165], "excluded_lines": []}, "BlobRawEventStore.flush_buffer": {"executed_lines": [], "summary": {"covered_lines": 0, "num_statements": 2, "percent_covered": 0.0, "percent_covered_display": "0", "missing_lines": 2, "excluded_lines": 0}, "missing_lines": [180, 181], "excluded_lines": []}, "BlobRawEventStore._flush_buffer_unsafe": {"executed_lines": [], "summary": {"covered_lines": 0, "num_statements": 26, "percent_covered": 0.0, "percent_covered_display": "0", "missing_lines": 26, "excluded_lines": 0}, "missing_lines": [190, 191, 193, 194, 195, 197, 198, 200, 202, 205, 208, 211, 212, 213, 214, 217, 219, 224, 226, 228, 229, 230, 232, 234, 235, 236], "excluded_lines": []}, "BlobRawEventStore._generate_blob_path": {"executed_lines": [], "summary": {"covered_lines": 0, "num_statements": 5, "percent_covered": 0.0, "percent_covered_display": "0", "missing_lines": 5, "excluded_lines": 0}, "missing_lines": [247, 248, 251, 253, 261], "excluded_lines": []}, "BlobRawEventStore._upload_with_retry": {"executed_lines": [], "summary": {"covered_lines": 0, "num_statements": 21, "percent_covered": 0.0, "percent_covered_display": "0", "missing_lines": 21, "excluded_lines": 0}, "missing_lines": [284, 289, 291, 292, 294, 305, 306, 308, 310, 311, 312, 316, 317, 320, 321, 322, 324, 326, 327, 328, 331], "excluded_lines": []}, "BlobRawEventStore._is_transient_error": {"executed_lines": [], "summary": {"covered_lines": 0, "num_statements": 6, "percent_covered": 0.0, "percent_covered_display": "0", "missing_lines": 6, "excluded_lines": 0}, "missing_lines": [344, 346, 347, 350, 351, 360], "excluded_lines": []}, "BlobRawEventStore._route_to_dead_letter_queue": {"executed_lines": [], "summary": {"covered_lines": 0, "num_statements": 3, "percent_covered": 0.0, "percent_covered_display": "0", "missing_lines": 3, "excluded_lines": 0}, "missing_lines": [380, 381, 383], "excluded_lines": []}, "BlobRawEventStore._start_flush_timer": {"executed_lines": [], "summary": {"covered_lines": 0, "num_statements": 6, "percent_covered": 0.0, "percent_covered_display": "0", "missing_lines": 6, "excluded_lines": 0}, "missing_lines": [394, 395, 397, 401, 402, 403], "excluded_lines": []}, "BlobRawEventStore._start_flush_timer.flush_callback": {"executed_lines": [], "summary": {"covered_lines": 0, "num_statements": 2, "percent_covered": 0.0, "percent_covered_display": "0", "missing_lines": 2, "excluded_lines": 0}, "missing_lines": [398, 399], "excluded_lines": []}, "BlobRawEventStore._stop_flush_timer": {"executed_lines": [], "summary": {"covered_lines": 0, "num_statements": 3, "percent_covered": 0.0, "percent_covered_display": "0", "missing_lines": 3, "excluded_lines": 0}, "missing_lines": [407, 408, 409], "excluded_lines": []}, "BlobRawEventStore.get_metrics": {"executed_lines": [], "summary": {"covered_lines": 0, "num_statements": 3, "percent_covered": 0.0, "percent_covered_display": "0", "missing_lines": 3, "excluded_lines": 0}, "missing_lines": [418, 419, 421], "excluded_lines": []}, "BlobRawEventStore.get_events_by_date": {"executed_lines": [], "summary": {"covered_lines": 0, "num_statements": 28, "percent_covered": 0.0, "percent_covered_display": "0", "missing_lines": 28, "excluded_lines": 0}, "missing_lines": [447, 449, 456, 459, 463, 465, 466, 468, 469, 470, 472, 477, 480, 481, 483, 487, 488, 493, 495, 499, 501, 502, 503, 504, 506, 507, 508, 509], "excluded_lines": []}, "BlobRawEventStore.get_events_by_time_range": {"executed_lines": [], "summary": {"covered_lines": 0, "num_statements": 37, "percent_covered": 0.0, "percent_covered_display": "0", "missing_lines": 37, "excluded_lines": 0}, "missing_lines": [533, 534, 536, 537, 542, 544, 545, 547, 552, 553, 554, 556, 557, 558, 560, 565, 568, 571, 576, 578, 583, 584, 589, 591, 592, 597, 600, 602, 607, 609, 610, 614, 615, 617, 618, 622, 623], "excluded_lines": []}, "BlobRawEventStore._generate_date_prefixes": {"executed_lines": [], "summary": {"covered_lines": 0, "num_statements": 8, "percent_covered": 0.0, "percent_covered_display": "0", "missing_lines": 8, "excluded_lines": 0}, "missing_lines": [640, 641, 642, 644, 645, 651, 654, 656], "excluded_lines": []}, "BlobRawEventStore.close": {"executed_lines": [], "summary": {"covered_lines": 0, "num_statements": 8, "percent_covered": 0.0, "percent_covered_display": "0", "missing_lines": 8, "excluded_lines": 0}, "missing_lines": [664, 666, 667, 669, 670, 673, 675, 677], "excluded_lines": []}, "": {"executed_lines": [1, 7, 8, 9, 10, 11, 12, 13, 15, 16, 18, 19, 20, 23, 26, 27, 41, 93, 106, 120, 129, 167, 183, 238, 263, 333, 362, 392, 405, 411, 430, 511, 625, 658], "summary": {"covered_lines": 32, "num_statements": 32, "percent_covered": 100.0, "percent_covered_display": "100", "missing_lines": 0, "excluded_lines": 0}, "missing_lines": [], "excluded_lines": []}}, "classes": {"BlobRawEventStore": {"executed_lines": [], "summary": {"covered_lines": 0, "num_statements": 196, "percent_covered": 0.0, "percent_covered_display": "0", "missing_lines": 196, "excluded_lines": 0}, "missing_lines": [61, 62, 63, 64, 65, 66, 69, 74, 77, 78, 79, 80, 83, 84, 85, 86, 88, 103, 104, 116, 117, 118, 127, 142, 143, 144, 145, 148, 149, 153, 154, 156, 157, 160, 161, 163, 164, 165, 180, 181, 190, 191, 193, 194, 195, 197, 198, 200, 202, 205, 208, 211, 212, 213, 214, 217, 219, 224, 226, 228, 229, 230, 232, 234, 235, 236, 247, 248, 251, 253, 261, 284, 289, 291, 292, 294, 305, 306, 308, 310, 311, 312, 316, 317, 320, 321, 322, 324, 326, 327, 328, 331, 344, 346, 347, 350, 351, 360, 380, 381, 383, 394, 395, 397, 398, 399, 401, 402, 403, 407, 408, 409, 418, 419, 421, 447, 449, 456, 459, 463, 465, 466, 468, 469, 470, 472, 477, 480, 481, 483, 487, 488, 493, 495, 499, 501, 502, 503, 504, 506, 507, 508, 509, 533, 534, 536, 537, 542, 544, 545, 547, 552, 553, 554, 556, 557, 558, 560, 565, 568, 571, 576, 578, 583, 584, 589, 591, 592, 597, 600, 602, 607, 609, 610, 614, 615, 617, 618, 622, 623, 640, 641, 642, 644, 645, 651, 654, 656, 664, 666, 667, 669, 670, 673, 675, 677], "excluded_lines": []}, "": {"executed_lines": [1, 7, 8, 9, 10, 11, 12, 13, 15, 16, 18, 19, 20, 23, 26, 27, 41, 93, 106, 120, 129, 167, 183, 238, 263, 333, 362, 392, 405, 411, 430, 511, 625, 658], "summary": {"covered_lines": 32, "num_statements": 32, "percent_covered": 100.0, "percent_covered_display": "100", "missing_lines": 0, "excluded_lines": 0}, "missing_lines": [], "excluded_lines": []}}}, "src/function_app/storage/parquet_serializer.py": {"executed_lines": [1, 7, 8, 9, 10, 11, 12, 13, 15, 20, 60, 61, 68, 78, 143, 169, 193, 232, 259, 337], "summary": {"covered_lines": 18, "num_statements": 100, "percent_covered": 18.0, "percent_covered_display": "18", "missing_lines": 82, "excluded_lines": 0}, "missing_lines": [75, 76, 94, 95, 97, 99, 100, 101, 104, 133, 136, 138, 140, 141, 153, 154, 156, 157, 159, 160, 162, 163, 165, 167, 179, 180, 182, 183, 185, 186, 188, 189, 191, 209, 211, 212, 215, 224, 225, 227, 229, 230, 248, 249, 252, 255, 257, 275, 276, 279, 280, 283, 286, 287, 289, 310, 311, 312, 313, 314, 317, 318, 319, 320, 321, 324, 330, 332, 334, 335, 347, 348, 350, 351, 355, 356, 358, 359, 360, 362, 364, 365], "excluded_lines": [], "functions": {"ParquetSerializer.__init__": {"executed_lines": [], "summary": {"covered_lines": 0, "num_statements": 2, "percent_covered": 0.0, "percent_covered_display": "0", "missing_lines": 2, "excluded_lines": 0}, "missing_lines": [75, 76], "excluded_lines": []}, "ParquetSerializer._events_to_arrow_table": {"executed_lines": [], "summary": {"covered_lines": 0, "num_statements": 12, "percent_covered": 0.0, "percent_covered_display": "0", "missing_lines": 12, "excluded_lines": 0}, "missing_lines": [94, 95, 97, 99, 100, 101, 104, 133, 136, 138, 140, 141], "excluded_lines": []}, "ParquetSerializer._parse_timestamp": {"executed_lines": [], "summary": {"covered_lines": 0, "num_statements": 10, "percent_covered": 0.0, "percent_covered_display": "0", "missing_lines": 10, "excluded_lines": 0}, "missing_lines": [153, 154, 156, 157, 159, 160, 162, 163, 165, 167], "excluded_lines": []}, "ParquetSerializer._parse_decimal": {"executed_lines": [], "summary": {"covered_lines": 0, "num_statements": 9, "percent_covered": 0.0, "percent_covered_display": "0", "missing_lines": 9, "excluded_lines": 0}, "missing_lines": [179, 180, 182, 183, 185, 186, 188, 189, 191], "excluded_lines": []}, "ParquetSerializer._serialize_to_parquet": {"executed_lines": [], "summary": {"covered_lines": 0, "num_statements": 9, "percent_covered": 0.0, "percent_covered_display": "0", "missing_lines": 9, "excluded_lines": 0}, "missing_lines": [209, 211, 212, 215, 224, 225, 227, 229, 230], "excluded_lines": []}, "ParquetSerializer.serialize_events": {"executed_lines": [], "summary": {"covered_lines": 0, "num_statements": 5, "percent_covered": 0.0, "percent_covered_display": "0", "missing_lines": 5, "excluded_lines": 0}, "missing_lines": [248, 249, 252, 255, 257], "excluded_lines": []}, "ParquetSerializer.deserialize_events": {"executed_lines": [], "summary": {"covered_lines": 0, "num_statements": 23, "percent_covered": 0.0, "percent_covered_display": "0", "missing_lines": 23, "excluded_lines": 0}, "missing_lines": [275, 276, 279, 280, 283, 286, 287, 289, 310, 311, 312, 313, 314, 317, 318, 319, 320, 321, 324, 330, 332, 334, 335], "excluded_lines": []}, "ParquetSerializer.validate_parquet_file": {"executed_lines": [], "summary": {"covered_lines": 0, "num_statements": 12, "percent_covered": 0.0, "percent_covered_display": "0", "missing_lines": 12, "excluded_lines": 0}, "missing_lines": [347, 348, 350, 351, 355, 356, 358, 359, 360, 362, 364, 365], "excluded_lines": []}, "": {"executed_lines": [1, 7, 8, 9, 10, 11, 12, 13, 15, 20, 60, 61, 68, 78, 143, 169, 193, 232, 259, 337], "summary": {"covered_lines": 18, "num_statements": 18, "percent_covered": 100.0, "percent_covered_display": "100", "missing_lines": 0, "excluded_lines": 0}, "missing_lines": [], "excluded_lines": []}}, "classes": {"ParquetSerializer": {"executed_lines": [], "summary": {"covered_lines": 0, "num_statements": 82, "percent_covered": 0.0, "percent_covered_display": "0", "missing_lines": 82, "excluded_lines": 0}, "missing_lines": [75, 76, 94, 95, 97, 99, 100, 101, 104, 133, 136, 138, 140, 141, 153, 154, 156, 157, 159, 160, 162, 163, 165, 167, 179, 180, 182, 183, 185, 186, 188, 189, 191, 209, 211, 212, 215, 224, 225, 227, 229, 230, 248, 249, 252, 255, 257, 275, 276, 279, 280, 283, 286, 287, 289, 310, 311, 312, 313, 314, 317, 318, 319, 320, 321, 324, 330, 332, 334, 335, 347, 348, 350, 351, 355, 356, 358, 359, 360, 362, 364, 365], "excluded_lines": []}, "": {"executed_lines": [1, 7, 8, 9, 10, 11, 12, 13, 15, 20, 60, 61, 68, 78, 143, 169, 193, 232, 259, 337], "summary": {"covered_lines": 18, "num_statements": 18, "percent_covered": 100.0, "percent_covered_display": "100", "missing_lines": 0, "excluded_lines": 0}, "missing_lines": [], "excluded_lines": []}}}, "src/function_app/storage/raw_event.py": {"executed_lines": [1, 7, 8, 9, 10, 11, 14, 15, 16, 29, 30, 31, 32, 34, 45, 59, 60, 91, 101, 102, 110, 113, 114, 123], "summary": {"covered_lines": 20, "num_statements": 39, "percent_covered": 51.282051282051285, "percent_covered_display": "51", "missing_lines": 19, "excluded_lines": 0}, "missing_lines": [36, 37, 39, 40, 42, 43, 52, 71, 72, 73, 74, 75, 78, 79, 80, 81, 82, 84, 98], "excluded_lines": [], "functions": {"RawEvent.__post_init__": {"executed_lines": [], "summary": {"covered_lines": 0, "num_statements": 6, "percent_covered": 0.0, "percent_covered_display": "0", "missing_lines": 6, "excluded_lines": 0}, "missing_lines": [36, 37, 39, 40, 42, 43], "excluded_lines": []}, "RawEvent.to_dict": {"executed_lines": [], "summary": {"covered_lines": 0, "num_statements": 1, "percent_covered": 0.0, "percent_covered_display": "0", "missing_lines": 1, "excluded_lines": 0}, "missing_lines": [52], "excluded_lines": []}, "RawEvent.from_dict": {"executed_lines": [], "summary": {"covered_lines": 0, "num_statements": 11, "percent_covered": 0.0, "percent_covered_display": "0", "missing_lines": 11, "excluded_lines": 0}, "missing_lines": [71, 72, 73, 74, 75, 78, 79, 80, 81, 82, 84], "excluded_lines": []}, "RawEvent.get_event_payload_json": {"executed_lines": [], "summary": {"covered_lines": 0, "num_statements": 1, "percent_covered": 0.0, "percent_covered_display": "0", "missing_lines": 1, "excluded_lines": 0}, "missing_lines": [98], "excluded_lines": []}, "": {"executed_lines": [1, 7, 8, 9, 10, 11, 14, 15, 16, 29, 30, 31, 32, 34, 45, 59, 60, 91, 101, 102, 110, 113, 114, 123], "summary": {"covered_lines": 20, "num_statements": 20, "percent_covered": 100.0, "percent_covered_display": "100", "missing_lines": 0, "excluded_lines": 0}, "missing_lines": [], "excluded_lines": []}}, "classes": {"RawEvent": {"executed_lines": [], "summary": {"covered_lines": 0, "num_statements": 19, "percent_covered": 0.0, "percent_covered_display": "0", "missing_lines": 19, "excluded_lines": 0}, "missing_lines": [36, 37, 39, 40, 42, 43, 52, 71, 72, 73, 74, 75, 78, 79, 80, 81, 82, 84, 98], "excluded_lines": []}, "BufferError": {"executed_lines": [], "summary": {"covered_lines": 0, "num_statements": 0, "percent_covered": 100.0, "percent_covered_display": "100", "missing_lines": 0, "excluded_lines": 0}, "missing_lines": [], "excluded_lines": []}, "StorageError": {"executed_lines": [], "summary": {"covered_lines": 0, "num_statements": 0, "percent_covered": 100.0, "percent_covered_display": "100", "missing_lines": 0, "excluded_lines": 0}, "missing_lines": [], "excluded_lines": []}, "": {"executed_lines": [1, 7, 8, 9, 10, 11, 14, 15, 16, 29, 30, 31, 32, 34, 45, 59, 60, 91, 101, 102, 110, 113, 114, 123], "summary": {"covered_lines": 20, "num_statements": 20, "percent_covered": 100.0, "percent_covered_display": "100", "missing_lines": 0, "excluded_lines": 0}, "missing_lines": [], "excluded_lines": []}}}, "src/function_app/storage/raw_event_store.py": {"executed_lines": [1, 7, 8, 9, 11, 14, 15, 22, 23, 35, 36, 48, 49, 58, 59], "summary": {"covered_lines": 13, "num_statements": 17, "percent_covered": 76.47058823529412, "percent_covered_display": "76", "missing_lines": 4, "excluded_lines": 0}, "missing_lines": [33, 46, 56, 61], "excluded_lines": [], "functions": {"RawEventStore.store_event": {"executed_lines": [], "summary": {"covered_lines": 0, "num_statements": 1, "percent_covered": 0.0, "percent_covered_display": "0", "missing_lines": 1, "excluded_lines": 0}, "missing_lines": [33], "excluded_lines": []}, "RawEventStore.store_events_batch": {"executed_lines": [], "summary": {"covered_lines": 0, "num_statements": 1, "percent_covered": 0.0, "percent_covered_display": "0", "missing_lines": 1, "excluded_lines": 0}, "missing_lines": [46], "excluded_lines": []}, "RawEventStore.flush": {"executed_lines": [], "summary": {"covered_lines": 0, "num_statements": 1, "percent_covered": 0.0, "percent_covered_display": "0", "missing_lines": 1, "excluded_lines": 0}, "missing_lines": [56], "excluded_lines": []}, "RawEventStore.close": {"executed_lines": [], "summary": {"covered_lines": 0, "num_statements": 1, "percent_covered": 0.0, "percent_covered_display": "0", "missing_lines": 1, "excluded_lines": 0}, "missing_lines": [61], "excluded_lines": []}, "": {"executed_lines": [1, 7, 8, 9, 11, 14, 15, 22, 23, 35, 36, 48, 49, 58, 59], "summary": {"covered_lines": 13, "num_statements": 13, "percent_covered": 100.0, "percent_covered_display": "100", "missing_lines": 0, "excluded_lines": 0}, "missing_lines": [], "excluded_lines": []}}, "classes": {"RawEventStore": {"executed_lines": [], "summary": {"covered_lines": 0, "num_statements": 4, "percent_covered": 0.0, "percent_covered_display": "0", "missing_lines": 4, "excluded_lines": 0}, "missing_lines": [33, 46, 56, 61], "excluded_lines": []}, "": {"executed_lines": [1, 7, 8, 9, 11, 14, 15, 22, 23, 35, 36, 48, 49, 58, 59], "summary": {"covered_lines": 13, "num_statements": 13, "percent_covered": 100.0, "percent_covered_display": "100", "missing_lines": 0, "excluded_lines": 0}, "missing_lines": [], "excluded_lines": []}}}}, "totals": {"covered_lines": 232, "num_statements": 1335, "percent_covered": 17.378277153558052, "percent_covered_display": "17", "missing_lines": 1103, "excluded_lines": 0}}